<?xml version="1.0" encoding="UTF-8" ?>
<testsuite failures="0" time="0.047" errors="0" skipped="0" tests="12" name="cal.CalTest_Functional">
  <properties>
[...]
</properties>
  <testcase time="0.009" classname="cal.CalTest_Functional" name="testFirstOfMonth1"/>
  <testcase time="0.002" classname="cal.CalTest_Functional" name="testFirstOfMonth2"/>
  <testcase time="0.002" classname="cal.CalTest_Functional" name="testFirstOfMonth3"/>
  <testcase time="0.004" classname="cal.CalTest_Functional" name="testNumberOfDays1"/>
  <testcase time="0.002" classname="cal.CalTest_Functional" name="testNumberOfDays2"/>
  <testcase time="0.001" classname="cal.CalTest_Functional" name="testIsLeap1"/>
  <testcase time="0.001" classname="cal.CalTest_Functional" name="testIsLeap2"/>
  <testcase time="0.001" classname="cal.CalTest_Functional" name="testIsLeap3"/>
  <testcase time="0.001" classname="cal.CalTest_Functional" name="testIsLeap4"/>
  <testcase time="0.002" classname="cal.CalTest_Functional" name="testIsLeap5"/>
  <testcase time="0.002" classname="cal.CalTest_Functional" name="testIsLeap6"/>
  <testcase time="0.002" classname="cal.CalTest_Functional" name="testJan1_1"/>
</testsuite>